<?xml version="1.0" encoding="UTF-8"?>
<testsuite xmlns:xsi="http://www.w3.org/2001/XMLSchema-instance" xsi:noNamespaceSchemaLocation="https://maven.apache.org/surefire/maven-surefire-plugin/xsd/surefire-test-report-3.0.xsd" version="3.0" name="com.micuota.recoleccion.RecoleccionServiceTests" time="0.213" tests="2" errors="0" skipped="0" failures="0">
  <properties>
[...]
</properties>
  <testcase name="estadisticasAgrupanDatos" classname="com.micuota.recoleccion.RecoleccionServiceTests" time="0.125">
    <system-out><![CDATA[2025-06-20T19:36:30.747-03:00  INFO 15136 --- [recoleccion] [           main] t.c.s.AnnotationConfigContextLoaderUtils : Could not detect default configuration classes for test class [com.micuota.recoleccion.RecoleccionServiceTests]: RecoleccionServiceTests does not declare any static, non-private, non-final, nested classes annotated with @Configuration.
2025-06-20T19:36:30.754-03:00  INFO 15136 --- [recoleccion] [           main] .b.t.c.SpringBootTestContextBootstrapper : Found @SpringBootConfiguration com.micuota.recoleccion.MonitoreoApplication for test class com.micuota.recoleccion.RecoleccionServiceTests
2025-06-20T19:36:30.819-03:00 DEBUG 15136 --- [recoleccion] [           main] c.m.r.service.RecoleccionService         : Saved Recoleccion{id='6855e26ec1c9705488e5d360', contenedorId='STAT1', lat=0.0, lon=0.0, temperatura=0.0, presion=101.0, capacidadOcupada=0.0, fecha=2025-06-20T05:36:30.772257600}
]]></system-out>
  </testcase>
  <testcase name="guardarPersisteRecoleccion" classname="com.micuota.recoleccion.RecoleccionServiceTests" time="0.061">
    <system-out><![CDATA[2025-06-20T19:36:30.902-03:00 DEBUG 15136 --- [recoleccion] [           main] c.m.r.service.RecoleccionService         : Saved Recoleccion{id='6855e26ec1c9705488e5d361', contenedorId='TEST1', lat=10.0, lon=20.0, temperatura=25.0, presion=101.5, capacidadOcupada=50.0, fecha=2025-06-20T19:36:30.898346700}
]]></system-out>
  </testcase>
</testsuite>